  MyForm.cpp
d:\pavel\university\vs_project\num_met_dirichlet_task\num_met_6s_2_01\myform.h(1985): warning C4965: неявная упаковка целого числа 0; используйте nullptr или явное приведение типов
d:\pavel\university\vs_project\num_met_dirichlet_task\num_met_6s_2_01\myform.h(1986): warning C4965: неявная упаковка целого числа 0; используйте nullptr или явное приведение типов
d:\pavel\university\vs_project\num_met_dirichlet_task\num_met_6s_2_01\myform.h(1993): warning C4965: неявная упаковка целого числа 0; используйте nullptr или явное приведение типов
d:\pavel\university\vs_project\num_met_dirichlet_task\num_met_6s_2_01\myform.h(1994): warning C4965: неявная упаковка целого числа 0; используйте nullptr или явное приведение типов
d:\pavel\university\vs_project\num_met_dirichlet_task\num_met_6s_2_01\myform.h(2087): warning C4965: неявная упаковка целого числа 0; используйте nullptr или явное приведение типов
d:\pavel\university\vs_project\num_met_dirichlet_task\num_met_6s_2_01\myform.h(2088): warning C4965: неявная упаковка целого числа 0; используйте nullptr или явное приведение типов
d:\pavel\university\vs_project\num_met_dirichlet_task\num_met_6s_2_01\myform.h(2098): warning C4965: неявная упаковка целого числа 0; используйте nullptr или явное приведение типов
d:\pavel\university\vs_project\num_met_dirichlet_task\num_met_6s_2_01\myform.h(2099): warning C4965: неявная упаковка целого числа 0; используйте nullptr или явное приведение типов
d:\pavel\university\vs_project\num_met_dirichlet_task\num_met_6s_2_01\myform.h(2187): warning C4965: неявная упаковка целого числа 0; используйте nullptr или явное приведение типов
d:\pavel\university\vs_project\num_met_dirichlet_task\num_met_6s_2_01\myform.h(2188): warning C4965: неявная упаковка целого числа 0; используйте nullptr или явное приведение типов
d:\pavel\university\vs_project\num_met_dirichlet_task\num_met_6s_2_01\myform.h(2198): warning C4965: неявная упаковка целого числа 0; используйте nullptr или явное приведение типов
d:\pavel\university\vs_project\num_met_dirichlet_task\num_met_6s_2_01\myform.h(2199): warning C4965: неявная упаковка целого числа 0; используйте nullptr или явное приведение типов
d:\pavel\university\vs_project\num_met_dirichlet_task\num_met_6s_2_01\myform.h(2278): warning C4965: неявная упаковка целого числа 0; используйте nullptr или явное приведение типов
d:\pavel\university\vs_project\num_met_dirichlet_task\num_met_6s_2_01\myform.h(2279): warning C4965: неявная упаковка целого числа 0; используйте nullptr или явное приведение типов
d:\pavel\university\vs_project\num_met_dirichlet_task\num_met_6s_2_01\myform.h(2289): warning C4965: неявная упаковка целого числа 0; используйте nullptr или явное приведение типов
d:\pavel\university\vs_project\num_met_dirichlet_task\num_met_6s_2_01\myform.h(2290): warning C4965: неявная упаковка целого числа 0; используйте nullptr или явное приведение типов
d:\pavel\university\vs_project\num_met_dirichlet_task\num_met_6s_2_01\myform.h(2370): warning C4965: неявная упаковка целого числа 0; используйте nullptr или явное приведение типов
d:\pavel\university\vs_project\num_met_dirichlet_task\num_met_6s_2_01\myform.h(2372): warning C4965: неявная упаковка целого числа 0; используйте nullptr или явное приведение типов
d:\pavel\university\vs_project\num_met_dirichlet_task\num_met_6s_2_01\myform.h(2373): warning C4965: неявная упаковка целого числа 0; используйте nullptr или явное приведение типов
d:\pavel\university\vs_project\num_met_dirichlet_task\num_met_6s_2_01\myform.h(2385): warning C4965: неявная упаковка целого числа 0; используйте nullptr или явное приведение типов
d:\pavel\university\vs_project\num_met_dirichlet_task\num_met_6s_2_01\myform.h(2386): warning C4965: неявная упаковка целого числа 0; используйте nullptr или явное приведение типов
d:\pavel\university\vs_project\num_met_dirichlet_task\num_met_6s_2_01\myform.h(2387): warning C4965: неявная упаковка целого числа 0; используйте nullptr или явное приведение типов
d:\pavel\university\vs_project\num_met_dirichlet_task\num_met_6s_2_01\myform.cpp(7): warning C4829: Возможно, неправильные параметры функции main. Рекомендуемый вариант - "int main(Platform::Array<Platform::String^>^ argv)"
  DirichletTask.obj : обнаружен модуль MSIL; для MSIL последовательная компоновка отключена; выполняется полная компоновка
  Num_met_6s_2_01.vcxproj -> D:\PAVEL\University\VS_Project\Num_met_Dirichlet_Task\x64\Debug\Num_met_6s_2_01.exe
